<?xml version="1.0" encoding="UTF-8"?>
<!-- Generated by org.testng.reporters.JUnitReportReporter -->
<testsuite skipped="0" hostname="DESKTOP-K5HS959" name="com.test.AnnotaionsExecutionOrder" tests="1" failures="0" timestamp="12 nov 2018 22:54:10 GMT" time="0.003" errors="0">
  <testcase name="fifthMethod" time="0.003" classname="com.test.AnnotaionsExecutionOrder"/>
</testsuite> <!-- com.test.AnnotaionsExecutionOrder -->
