<?xml version="1.0" encoding="UTF-8"?>
<!-- Generated by org.testng.reporters.JUnitReportReporter -->
<testsuite skipped="0" hostname="DESKTOP-K5HS959" name="com.test.GenerateReport" tests="2" failures="0" timestamp="12 nov 2018 22:41:22 GMT" time="0.008" errors="0">
  <testcase name="firstTest" time="0.007" classname="com.test.GenerateReport"/>
  <testcase name="secondTest" time="0.001" classname="com.test.GenerateReport"/>
</testsuite> <!-- com.test.GenerateReport -->
