<?xml version="1.0" encoding="UTF-8"?>
<!-- Generated by org.testng.reporters.JUnitReportReporter -->
<testsuite skipped="0" hostname="DESKTOP-K5HS959" name="com.test.LoginTest" tests="8" failures="0" timestamp="30 nov 2018 22:16:25 GMT" time="20.611" errors="0">
  <testcase name="testLog" time="0.001" classname="com.test.LoginTest"/>
  <testcase name="testLog" time="0.002" classname="com.test.LoginTest"/>
  <testcase name="loginFacebook" time="4.993" classname="com.test.LoginTest"/>
  <testcase name="testLog" time="0.002" classname="com.test.LoginTest"/>
  <testcase name="loginFacebook" time="6.087" classname="com.test.LoginTest"/>
  <testcase name="loginFacebook" time="4.959" classname="com.test.LoginTest"/>
  <testcase name="loginFacebook" time="4.565" classname="com.test.LoginTest"/>
  <testcase name="testLog" time="0.002" classname="com.test.LoginTest"/>
</testsuite> <!-- com.test.LoginTest -->
