<?xml version="1.0" encoding="UTF-8"?>
<!-- Generated by org.testng.reporters.JUnitReportReporter -->
<testsuite skipped="2" hostname="DESKTOP-K5HS959" name="com.test.SkipTest" tests="3" failures="0" timestamp="12 nov 2018 23:24:30 GMT" time="0.009" errors="0">
  <testcase name="thirdTest" time="0.001" classname="com.test.SkipTest"/>
  <testcase name="secondTest" time="0.008" classname="com.test.SkipTest">
    <skipped/>
  </testcase> <!-- secondTest -->
  <testcase name="firstTest" classname="com.test.SkipTest">
    <skipped/>
  </testcase> <!-- firstTest -->
</testsuite> <!-- com.test.SkipTest -->
