<?xml version="1.0" encoding="UTF-8"?>
<!-- Generated by org.testng.reporters.JUnitReportReporter -->
<testsuite skipped="0" hostname="DESKTOP-K5HS959" name="com.test.ReportNGTest2" tests="2" failures="0" timestamp="21 nov 2018 15:58:14 GMT" time="0.002" errors="0">
  <testcase name="firstTestTest2" time="0.001" classname="com.test.ReportNGTest2"/>
  <testcase name="secondTestTest2" time="0.001" classname="com.test.ReportNGTest2"/>
</testsuite> <!-- com.test.ReportNGTest2 -->
